<?xml version="1.0" encoding="UTF-8"?>
<!-- Generated by org.testng.reporters.JUnitReportReporter -->
<testsuite hostname="JananeVijay" failures="0" tests="7" name="Phase3Project.Phase3_project" time="2.415" errors="0" timestamp="2023-08-03T02:03:09 IST" skipped="0">
  <testcase classname="Phase3Project.Phase3_project" name="TC06_getSingleEmployee" time="0.045"/>
  <system-out/>
  <testcase classname="Phase3Project.Phase3_project" name="TC04_getSingleEmployee" time="0.030"/>
  <system-out/>
  <testcase classname="Phase3Project.Phase3_project" name="TC05_deleteEmployee" time="0.019"/>
  <system-out/>
  <testcase classname="Phase3Project.Phase3_project" name="TC07_allgetEmployee" time="0.057"/>
  <system-out/>
  <testcase classname="Phase3Project.Phase3_project" name="TC02_postEmployee" time="0.374"/>
  <system-out/>
  <testcase classname="Phase3Project.Phase3_project" name="TC01_getallEmployee" time="1.838"/>
  <system-out/>
  <testcase classname="Phase3Project.Phase3_project" name="TC03_updateEmployee" time="0.052"/>
  <system-out/>
</testsuite> <!-- Phase3Project.Phase3_project -->
